<?xml version="1.0" encoding="UTF-8"?>
<!-- Generated by org.testng.reporters.JUnitReportReporter -->
<testsuite hostname="TYSS-Chaithra" failures="0" tests="1" name="vTiger.Practice.BaseClassPractice" time="0.007" errors="0" timestamp="2022-11-23T17:34:07 IST" skipped="0">
  <testcase classname="vTiger.Practice.BaseClassPractice" name="test" time="0.007"/>
  <system-out/>
</testsuite> <!-- vTiger.Practice.BaseClassPractice -->
