<?xml version="1.0" encoding="UTF-8"?>
<!-- Generated by org.testng.reporters.JUnitReportReporter -->
<testsuite hostname="TYSS-Chaithra" failures="0" tests="1" name="vTiger.Practice.ReadDataFromCmdLine" time="0.012" errors="0" timestamp="2022-12-21T16:45:35 IST" skipped="0">
  <testcase classname="vTiger.Practice.ReadDataFromCmdLine" name="readData" time="0.012"/>
  <system-out/>
</testsuite> <!-- vTiger.Practice.ReadDataFromCmdLine -->
