<?xml version="1.0" encoding="UTF-8"?>
<!-- Generated by org.testng.reporters.JUnitReportReporter -->
<testsuite hostname="TYSS-Chaithra" failures="0" tests="1" name="vTiger.OrganizationsTests.CreateOrganizationTest" time="13.821" errors="0" timestamp="2022-12-01T17:31:10 IST" skipped="0">
  <testcase classname="vTiger.OrganizationsTests.CreateOrganizationTest" name="createOrgTest" time="13.821"/>
  <system-out/>
</testsuite> <!-- vTiger.OrganizationsTests.CreateOrganizationTest -->
