<?xml version="1.0" encoding="UTF-8"?>
<!-- Generated by org.testng.reporters.JUnitReportReporter -->
<testsuite hostname="TYSS-Chaithra" failures="0" tests="2" name="vTiger.Practice.TestNGPractice" time="0.016" errors="0" timestamp="2022-11-21T17:25:50 IST" skipped="1">
  <testcase classname="vTiger.Practice.TestNGPractice" name="createCustomerTest" time="0.016"/>
  <system-out/>
  <testcase classname="vTiger.Practice.TestNGPractice" name="deleteCustomerTest">
    <skipped/>
  </testcase> <!-- deleteCustomerTest -->
  <system-out/>
</testsuite> <!-- vTiger.Practice.TestNGPractice -->
