<?xml version="1.0" encoding="UTF-8"?>
<!-- Generated by org.testng.reporters.JUnitXMLReporter -->
<testsuite ignored="0" hostname="TYSS-Chaithra" failures="0" tests="1" name="Test-Runner-Firefox" time="42.576" errors="0" timestamp="2022-11-25T17:53:30 IST">
  <testcase classname="vTiger.OrganizationsTests.CreateOrganizationTest" name="createOrgTest" time="21.693"/>
</testsuite> <!-- Test-Runner-Firefox -->
